Using pre-set license
Built from '2020.3/release' branch; Version is '2020.3.1f1 (77a89f25062f) revision 7841951'; Using compiler version '192528614'; Build Type 'Release'
OS: 'Windows 10 Enterprise LTSC 2019; OS build 17763.615; Version 1809; 64bit' Language: 'ru' Physical Memory: 16263 MB
BatchMode: 1, IsHumanControllingUs: 0, StartBugReporterOnCrash: 0, Is64bit: 1, IsPro: 0

 COMMAND LINE ARGUMENTS:
C:\Program Files\Unity\Hub\Editor\2020.3.1f1\Editor\Unity.exe
-adb2
-batchMode
-noUpm
-name
AssetImportWorker0
-projectPath
C:/Users/Vovenlove/repos/Unity2D/Just Break
-logFile
Logs/AssetImportWorker0.log
-srvPort
51267
Successfully changed project path to: C:/Users/Vovenlove/repos/Unity2D/Just Break
C:/Users/Vovenlove/repos/Unity2D/Just Break
Using Asset Import Pipeline V2.
Refreshing native plugins compatible for Editor in 32.58 ms, found 1 plugins.
Preloading 0 native plugins for Editor in 0.00 ms.
Initialize engine version: 2020.3.1f1 (77a89f25062f)
[Subsystems] Discovering subsystems at path C:/Program Files/Unity/Hub/Editor/2020.3.1f1/Editor/Data/Resources/UnitySubsystems
[Subsystems] Discovering subsystems at path C:/Users/Vovenlove/repos/Unity2D/Just Break/Assets
GfxDevice: creating device client; threaded=0
Direct3D:
    Version:  Direct3D 11.0 [level 11.1]
    Renderer: NVIDIA GeForce GTX 1650 (ID=0x1f91)
    Vendor:   
    VRAM:     3962 MB
    Driver:   30.0.14.7196
Initialize mono
Mono path[0] = 'C:/Program Files/Unity/Hub/Editor/2020.3.1f1/Editor/Data/Managed'
Mono path[1] = 'C:/Program Files/Unity/Hub/Editor/2020.3.1f1/Editor/Data/MonoBleedingEdge/lib/mono/unityjit'
Mono config path = 'C:/Program Files/Unity/Hub/Editor/2020.3.1f1/Editor/Data/MonoBleedingEdge/etc'
Using monoOptions --debugger-agent=transport=dt_socket,embedding=1,server=y,suspend=n,address=127.0.0.1:56008
Begin MonoManager ReloadAssembly
Registering precompiled unity dll's ...
Register platform support module: C:/Program Files/Unity/Hub/Editor/2020.3.1f1/Editor/Data/PlaybackEngines/WebGLSupport/UnityEditor.WebGL.Extensions.dll
Register platform support module: C:/Program Files/Unity/Hub/Editor/2020.3.1f1/Editor/Data/PlaybackEngines/WindowsStandaloneSupport/UnityEditor.WindowsStandalone.Extensions.dll
Registered in 0.001182 seconds.
Native extension for WindowsStandalone target not found
Native extension for WebGL target not found
Refreshing native plugins compatible for Editor in 32.24 ms, found 1 plugins.
Preloading 0 native plugins for Editor in 0.00 ms.
Invoked RoslynAnalysisRunner static constructor.
RoslynAnalysisRunner will not be running.
RoslynAnalysisRunner has terminated.
Mono: successfully reloaded assembly
- Completed reload, in  0.831 seconds
Platform modules already initialized, skipping
Registering precompiled user dll's ...
Registered in 0.000655 seconds.
Begin MonoManager ReloadAssembly
Native extension for WindowsStandalone target not found
Native extension for WebGL target not found
Refreshing native plugins compatible for Editor in 33.05 ms, found 1 plugins.
Preloading 0 native plugins for Editor in 0.00 ms.
Invoked RoslynAnalysisRunner static constructor.
RoslynAnalysisRunner will not be running.
RoslynAnalysisRunner has terminated.
Mono: successfully reloaded assembly
- Completed reload, in  0.739 seconds
Platform modules already initialized, skipping
========================================================================
Worker process is ready to serve import requests
Launched and connected shader compiler UnityShaderCompiler.exe after 0.03 seconds
Refreshing native plugins compatible for Editor in 0.32 ms, found 1 plugins.
Preloading 0 native plugins for Editor in 0.00 ms.
Unloading 1827 Unused Serialized files (Serialized files now loaded: 0)
System memory in use before: 86.6 MB.
System memory in use after: 86.7 MB.

Unloading 19 unused Assets to reduce memory usage. Loaded Objects now: 2277.
Total: 2.099300 ms (FindLiveObjects: 0.224100 ms CreateObjectMapping: 0.121000 ms MarkObjects: 1.686400 ms  DeleteObjects: 0.066400 ms)

========================================================================
Received Import Request.
  path: Assets/Scenes/Game Over.unity
  artifactKey: Guid(386ece179e8c3084ca8c579ebbfd8554) Importer(815301076,1909f56bfc062723c751e8b465ee728b)
Start importing Assets/Scenes/Game Over.unity using Guid(386ece179e8c3084ca8c579ebbfd8554) Importer(815301076,1909f56bfc062723c751e8b465ee728b)  -> (artifact id: '285e4eef760ac2abad9a577abe7cfe8c') in 0.013013 seconds
  Import took 0.015577 seconds .

========================================================================
Received Import Request.
  Time since last request: 30.839566 seconds.
  path: Assets/Scenes/Game Over1.unity
  artifactKey: Guid(7639037f64762ef4381ac7b6de86e1df) Importer(815301076,1909f56bfc062723c751e8b465ee728b)
Start importing Assets/Scenes/Game Over1.unity using Guid(7639037f64762ef4381ac7b6de86e1df) Importer(815301076,1909f56bfc062723c751e8b465ee728b)  -> (artifact id: '4d647c0d8fddd42d36e4840fa05d8f78') in 0.013730 seconds
  Import took 0.016577 seconds .

========================================================================
Received Import Request.
  Time since last request: 6.462003 seconds.
  path: Assets/Scenes/Game Won.unity
  artifactKey: Guid(386ece179e8c3084ca8c579ebbfd8554) Importer(815301076,1909f56bfc062723c751e8b465ee728b)
Start importing Assets/Scenes/Game Won.unity using Guid(386ece179e8c3084ca8c579ebbfd8554) Importer(815301076,1909f56bfc062723c751e8b465ee728b)  -> (artifact id: '6b646f1ebd38db8280841d239e98f3c2') in 0.005704 seconds
  Import took 0.008191 seconds .

========================================================================
Received Import Request.
  Time since last request: 8.202148 seconds.
  path: Assets/Scenes/Game Over.unity
  artifactKey: Guid(7639037f64762ef4381ac7b6de86e1df) Importer(815301076,1909f56bfc062723c751e8b465ee728b)
Start importing Assets/Scenes/Game Over.unity using Guid(7639037f64762ef4381ac7b6de86e1df) Importer(815301076,1909f56bfc062723c751e8b465ee728b)  -> (artifact id: '549e909adb75d3d9b05d370d807901be') in 0.003105 seconds
  Import took 0.006207 seconds .

========================================================================
Received Import Request.
  Time since last request: 0.000984 seconds.
  path: Assets/Scenes/Game Over.unity
  artifactKey: Guid(7639037f64762ef4381ac7b6de86e1df) Importer(815301076,1909f56bfc062723c751e8b465ee728b)
Start importing Assets/Scenes/Game Over.unity using Guid(7639037f64762ef4381ac7b6de86e1df) Importer(815301076,1909f56bfc062723c751e8b465ee728b)  -> (artifact id: '549e909adb75d3d9b05d370d807901be') in 0.002328 seconds
  Import took 0.005269 seconds .

========================================================================
Received Prepare
Refreshing native plugins compatible for Editor in 1.41 ms, found 1 plugins.
Preloading 0 native plugins for Editor in 0.00 ms.
Unloading 6 Unused Serialized files (Serialized files now loaded: 0)
System memory in use before: 49.6 MB.
System memory in use after: 49.7 MB.

Unloading 5 unused Assets to reduce memory usage. Loaded Objects now: 2277.
Total: 2.417900 ms (FindLiveObjects: 0.183400 ms CreateObjectMapping: 0.053000 ms MarkObjects: 2.169400 ms  DeleteObjects: 0.011200 ms)

AssetImportWorkerClient::OnTransportError - code=2 error=End of file
